C:\Program Files (x86)\MSBuild\Microsoft.Cpp\v4.0\V140\Microsoft.CppBuild.targets(368,5): warning MSB8004: Output Directory does not end with a trailing slash.  This build instance will add the slash as it is required to allow proper evaluation of the Output Directory.
  main.cpp
StickKnightsOnline-Client\main.cpp(73): warning C4309: 'initializing': truncation of constant value
StickKnightsOnline-Client\main.cpp(74): warning C4309: 'initializing': truncation of constant value
StickKnightsOnline-Client\main.cpp(75): warning C4309: 'initializing': truncation of constant value
StickKnightsOnline-Client\main.cpp(76): warning C4309: 'initializing': truncation of constant value
StickKnightsOnline-Client\main.cpp(273): warning C4305: 'initializing': truncation from 'double' to 'float'
StickKnightsOnline-Client\main.cpp(351): warning C4996: 'localtime': This function or variable may be unsafe. Consider using localtime_s instead. To disable deprecation, use _CRT_SECURE_NO_WARNINGS. See online help for details.
  C:\Program Files (x86)\Windows Kits\10\Include\10.0.10240.0\ucrt\time.h(505): note: see declaration of 'localtime'
StickKnightsOnline-Client\main.cpp(449): warning C4244: '=': conversion from 'int' to 'float', possible loss of data
StickKnightsOnline-Client\main.cpp(450): warning C4244: '=': conversion from 'int' to 'float', possible loss of data
StickKnightsOnline-Client\main.cpp(451): warning C4267: '=': conversion from 'size_t' to 'short', possible loss of data
StickKnightsOnline-Client\main.cpp(482): warning C4267: '=': conversion from 'size_t' to 'char', possible loss of data
StickKnightsOnline-Client\main.cpp(593): warning C4474: 'printf' : too many arguments passed for format string
  StickKnightsOnline-Client\main.cpp(593): note: placeholders and their parameters expect 3 variadic arguments, but 4 were provided
StickKnightsOnline-Client\main.cpp(627): warning C4244: 'initializing': conversion from 'int' to 'float', possible loss of data
StickKnightsOnline-Client\main.cpp(628): warning C4244: 'initializing': conversion from 'int' to 'float', possible loss of data
StickKnightsOnline-Client\main.cpp(799): warning C4244: 'argument': conversion from 'int' to 'GLfloat', possible loss of data
StickKnightsOnline-Client\main.cpp(804): warning C4244: 'argument': conversion from 'int' to 'GLfloat', possible loss of data
StickKnightsOnline-Client\main.cpp(809): warning C4244: 'argument': conversion from 'int' to 'GLfloat', possible loss of data
StickKnightsOnline-Client\main.cpp(814): warning C4244: 'argument': conversion from 'int' to 'GLfloat', possible loss of data
StickKnightsOnline-Client\main.cpp(856): warning C4244: 'argument': conversion from 'int' to 'float', possible loss of data
StickKnightsOnline-Client\main.cpp(886): warning C4244: 'argument': conversion from 'int' to 'GLfloat', possible loss of data
StickKnightsOnline-Client\main.cpp(891): warning C4244: 'argument': conversion from 'int' to 'GLfloat', possible loss of data
StickKnightsOnline-Client\main.cpp(896): warning C4244: 'argument': conversion from 'int' to 'GLfloat', possible loss of data
StickKnightsOnline-Client\main.cpp(901): warning C4244: 'argument': conversion from 'int' to 'GLfloat', possible loss of data
StickKnightsOnline-Client\main.cpp(927): warning C4244: 'argument': conversion from 'int' to 'GLfloat', possible loss of data
StickKnightsOnline-Client\main.cpp(932): warning C4244: 'argument': conversion from 'int' to 'GLfloat', possible loss of data
StickKnightsOnline-Client\main.cpp(937): warning C4244: 'argument': conversion from 'int' to 'GLfloat', possible loss of data
StickKnightsOnline-Client\main.cpp(942): warning C4244: 'argument': conversion from 'int' to 'GLfloat', possible loss of data
StickKnightsOnline-Client\main.cpp(1177): warning C4267: '=': conversion from 'size_t' to 'char', possible loss of data
StickKnightsOnline-Client\main.cpp(1261): warning C4267: '=': conversion from 'size_t' to 'char', possible loss of data
StickKnightsOnline-Client\main.cpp(1271): warning C4267: '=': conversion from 'size_t' to 'char', possible loss of data
StickKnightsOnline-Client\main.cpp(1281): warning C4267: '=': conversion from 'size_t' to 'char', possible loss of data
StickKnightsOnline-Client\main.cpp(1333): warning C4267: '=': conversion from 'size_t' to 'char', possible loss of data
StickKnightsOnline-Client\main.cpp(1364): warning C4267: '=': conversion from 'size_t' to 'char', possible loss of data
StickKnightsOnline-Client\main.cpp(1413): warning C4267: '=': conversion from 'size_t' to 'char', possible loss of data
StickKnightsOnline-Client\main.cpp(1476): warning C4267: '=': conversion from 'size_t' to 'char', possible loss of data
StickKnightsOnline-Client\main.cpp(1570): warning C4267: '=': conversion from 'size_t' to 'char', possible loss of data
StickKnightsOnline-Client\main.cpp(1611): warning C4267: '=': conversion from 'size_t' to 'char', possible loss of data
StickKnightsOnline-Client\main.cpp(1627): warning C4267: '=': conversion from 'size_t' to 'char', possible loss of data
StickKnightsOnline-Client\main.cpp(1678): warning C4244: '=': conversion from 'int' to 'float', possible loss of data
StickKnightsOnline-Client\main.cpp(1722): warning C4267: '=': conversion from 'size_t' to 'char', possible loss of data
StickKnightsOnline-Client\main.cpp(1781): warning C4267: '=': conversion from 'size_t' to 'char', possible loss of data
StickKnightsOnline-Client\main.cpp(1795): warning C4267: '=': conversion from 'size_t' to 'char', possible loss of data
StickKnightsOnline-Client\main.cpp(1809): warning C4267: '=': conversion from 'size_t' to 'char', possible loss of data
StickKnightsOnline-Client\main.cpp(1840): warning C4267: '=': conversion from 'size_t' to 'char', possible loss of data
StickKnightsOnline-Client\main.cpp(1856): warning C4267: '=': conversion from 'size_t' to 'char', possible loss of data
StickKnightsOnline-Client\main.cpp(1877): warning C4267: '=': conversion from 'size_t' to 'char', possible loss of data
StickKnightsOnline-Client\main.cpp(1893): warning C4267: '=': conversion from 'size_t' to 'char', possible loss of data
StickKnightsOnline-Client\main.cpp(1912): warning C4267: '=': conversion from 'size_t' to 'char', possible loss of data
StickKnightsOnline-Client\main.cpp(1927): warning C4267: '=': conversion from 'size_t' to 'char', possible loss of data
StickKnightsOnline-Client\main.cpp(1970): warning C4267: '=': conversion from 'size_t' to 'char', possible loss of data
StickKnightsOnline-Client\main.cpp(1982): warning C4267: '=': conversion from 'size_t' to 'char', possible loss of data
StickKnightsOnline-Client\main.cpp(2052): warning C4267: '=': conversion from 'size_t' to 'char', possible loss of data
StickKnightsOnline-Client\main.cpp(2067): warning C4267: '=': conversion from 'size_t' to 'char', possible loss of data
StickKnightsOnline-Client\main.cpp(2150): warning C4267: '=': conversion from 'size_t' to 'char', possible loss of data
StickKnightsOnline-Client\main.cpp(2225): warning C4267: '=': conversion from 'size_t' to 'char', possible loss of data
StickKnightsOnline-Client\main.cpp(2374): warning C4267: '=': conversion from 'size_t' to 'char', possible loss of data
StickKnightsOnline-Client\main.cpp(2386): warning C4267: '=': conversion from 'size_t' to 'char', possible loss of data
StickKnightsOnline-Client\main.cpp(2476): warning C4267: '=': conversion from 'size_t' to 'char', possible loss of data
StickKnightsOnline-Client\main.cpp(2684): warning C4244: 'argument': conversion from 'int' to 'GLfloat', possible loss of data
StickKnightsOnline-Client\main.cpp(2685): warning C4244: 'argument': conversion from 'int' to 'GLfloat', possible loss of data
StickKnightsOnline-Client\main.cpp(2686): warning C4244: 'argument': conversion from 'int' to 'GLfloat', possible loss of data
StickKnightsOnline-Client\main.cpp(2925): warning C4244: 'argument': conversion from 'int' to 'float', possible loss of data
StickKnightsOnline-Client\main.cpp(2932): warning C4244: 'argument': conversion from 'double' to 'float', possible loss of data
StickKnightsOnline-Client\main.cpp(2937): warning C4244: 'argument': conversion from 'double' to 'float', possible loss of data
StickKnightsOnline-Client\main.cpp(2942): warning C4244: 'argument': conversion from 'double' to 'float', possible loss of data
StickKnightsOnline-Client\main.cpp(2956): warning C4244: 'argument': conversion from 'int' to 'float', possible loss of data
StickKnightsOnline-Client\main.cpp(2989): warning C4244: 'argument': conversion from 'int' to 'float', possible loss of data
StickKnightsOnline-Client\main.cpp(2993): warning C4244: 'argument': conversion from 'int' to 'float', possible loss of data
StickKnightsOnline-Client\main.cpp(3301): warning C4244: '=': conversion from 'double' to 'float', possible loss of data
StickKnightsOnline-Client\main.cpp(3302): warning C4244: '=': conversion from 'int' to 'float', possible loss of data
StickKnightsOnline-Client\main.cpp(3307): warning C4244: '=': conversion from 'double' to 'float', possible loss of data
StickKnightsOnline-Client\main.cpp(3308): warning C4244: '=': conversion from 'int' to 'float', possible loss of data
StickKnightsOnline-Client\main.cpp(3342): warning C4244: 'argument': conversion from 'int' to 'float', possible loss of data
StickKnightsOnline-Client\main.cpp(3348): warning C4244: 'argument': conversion from 'int' to 'float', possible loss of data
StickKnightsOnline-Client\main.cpp(3359): warning C4244: 'argument': conversion from 'int' to 'float', possible loss of data
StickKnightsOnline-Client\main.cpp(3365): warning C4244: 'argument': conversion from 'int' to 'float', possible loss of data
StickKnightsOnline-Client\main.cpp(3378): warning C4244: 'argument': conversion from 'int' to 'float', possible loss of data
StickKnightsOnline-Client\main.cpp(3388): warning C4244: 'argument': conversion from 'int' to 'float', possible loss of data
StickKnightsOnline-Client\main.cpp(3406): warning C4244: 'argument': conversion from 'int' to 'float', possible loss of data
StickKnightsOnline-Client\main.cpp(3412): warning C4244: 'argument': conversion from 'int' to 'float', possible loss of data
StickKnightsOnline-Client\main.cpp(3423): warning C4244: 'argument': conversion from 'int' to 'float', possible loss of data
StickKnightsOnline-Client\main.cpp(3429): warning C4244: 'argument': conversion from 'int' to 'float', possible loss of data
StickKnightsOnline-Client\main.cpp(3443): warning C4244: 'argument': conversion from 'int' to 'float', possible loss of data
StickKnightsOnline-Client\main.cpp(3454): warning C4244: 'argument': conversion from 'int' to 'float', possible loss of data
StickKnightsOnline-Client\main.cpp(3485): warning C4244: 'argument': conversion from 'int' to 'float', possible loss of data
StickKnightsOnline-Client\main.cpp(3491): warning C4244: 'argument': conversion from 'int' to 'float', possible loss of data
StickKnightsOnline-Client\main.cpp(3537): warning C4244: 'argument': conversion from 'int' to 'float', possible loss of data
StickKnightsOnline-Client\main.cpp(3564): warning C4244: 'argument': conversion from 'int' to 'float', possible loss of data
StickKnightsOnline-Client\main.cpp(3570): warning C4244: 'argument': conversion from 'int' to 'float', possible loss of data
StickKnightsOnline-Client\main.cpp(3570): warning C4244: 'argument': conversion from 'unsigned int' to 'float', possible loss of data
StickKnightsOnline-Client\main.cpp(3576): warning C4244: 'argument': conversion from 'int' to 'float', possible loss of data
StickKnightsOnline-Client\main.cpp(3580): warning C4244: 'argument': conversion from 'int' to 'float', possible loss of data
StickKnightsOnline-Client\main.cpp(3597): warning C4244: 'argument': conversion from 'int' to 'float', possible loss of data
StickKnightsOnline-Client\main.cpp(3598): warning C4244: 'argument': conversion from 'int' to 'float', possible loss of data
StickKnightsOnline-Client\main.cpp(3603): warning C4244: 'argument': conversion from 'int' to 'float', possible loss of data
StickKnightsOnline-Client\main.cpp(3610): warning C4244: 'argument': conversion from 'int' to 'float', possible loss of data
StickKnightsOnline-Client\main.cpp(3619): warning C4244: 'argument': conversion from 'int' to 'float', possible loss of data
StickKnightsOnline-Client\main.cpp(3736): warning C4244: 'argument': conversion from 'int' to 'float', possible loss of data
StickKnightsOnline-Client\main.cpp(3741): warning C4244: 'argument': conversion from 'int' to 'float', possible loss of data
StickKnightsOnline-Client\main.cpp(3755): warning C4244: '=': conversion from 'int' to 'float', possible loss of data
StickKnightsOnline-Client\main.cpp(3763): warning C4244: 'argument': conversion from 'int' to 'float', possible loss of data
StickKnightsOnline-Client\main.cpp(3779): warning C4244: 'argument': conversion from 'int' to 'float', possible loss of data
StickKnightsOnline-Client\main.cpp(3801): warning C4244: 'argument': conversion from 'int' to 'float', possible loss of data
StickKnightsOnline-Client\main.cpp(3810): warning C4244: 'argument': conversion from 'int' to 'float', possible loss of data
StickKnightsOnline-Client\main.cpp(3819): warning C4244: 'argument': conversion from 'int' to 'float', possible loss of data
StickKnightsOnline-Client\main.cpp(3898): warning C4244: 'argument': conversion from 'int' to 'float', possible loss of data
StickKnightsOnline-Client\main.cpp(3956): warning C4244: 'argument': conversion from 'int' to 'float', possible loss of data
StickKnightsOnline-Client\main.cpp(3963): warning C4244: 'argument': conversion from 'int' to 'float', possible loss of data
StickKnightsOnline-Client\main.cpp(3976): warning C4244: '=': conversion from 'int' to 'float', possible loss of data
StickKnightsOnline-Client\main.cpp(3991): warning C4244: 'argument': conversion from 'int' to 'float', possible loss of data
StickKnightsOnline-Client\main.cpp(3996): warning C4244: 'argument': conversion from 'int' to 'float', possible loss of data
StickKnightsOnline-Client\main.cpp(4009): warning C4244: '=': conversion from 'int' to 'float', possible loss of data
StickKnightsOnline-Client\main.cpp(4051): warning C4244: 'argument': conversion from 'int' to 'float', possible loss of data
StickKnightsOnline-Client\main.cpp(4055): warning C4244: 'argument': conversion from 'int' to 'float', possible loss of data
StickKnightsOnline-Client\main.cpp(4061): warning C4244: 'argument': conversion from 'int' to 'float', possible loss of data
StickKnightsOnline-Client\main.cpp(4074): warning C4244: '=': conversion from 'int' to 'float', possible loss of data
StickKnightsOnline-Client\main.cpp(4134): warning C4244: 'argument': conversion from 'int' to 'float', possible loss of data
StickKnightsOnline-Client\main.cpp(4140): warning C4244: 'argument': conversion from 'int' to 'float', possible loss of data
StickKnightsOnline-Client\main.cpp(4165): warning C4244: '=': conversion from 'int' to 'float', possible loss of data
StickKnightsOnline-Client\main.cpp(4218): warning C4244: 'initializing': conversion from 'int' to 'float', possible loss of data
StickKnightsOnline-Client\main.cpp(4219): warning C4244: 'initializing': conversion from 'int' to 'float', possible loss of data
StickKnightsOnline-Client\main.cpp(4234): warning C4244: 'initializing': conversion from 'int' to 'float', possible loss of data
StickKnightsOnline-Client\main.cpp(4235): warning C4244: 'initializing': conversion from 'int' to 'float', possible loss of data
StickKnightsOnline-Client\main.cpp(4236): warning C4244: 'initializing': conversion from 'int' to 'float', possible loss of data
StickKnightsOnline-Client\main.cpp(4237): warning C4244: 'initializing': conversion from 'int' to 'float', possible loss of data
StickKnightsOnline-Client\main.cpp(4315): warning C4267: '=': conversion from 'size_t' to 'char', possible loss of data
StickKnightsOnline-Client\main.cpp(4356): warning C4267: '=': conversion from 'size_t' to 'char', possible loss of data
StickKnightsOnline-Client\main.cpp(4402): warning C4267: '=': conversion from 'size_t' to 'char', possible loss of data
StickKnightsOnline-Client\main.cpp(4443): warning C4267: '=': conversion from 'size_t' to 'char', possible loss of data
StickKnightsOnline-Client\main.cpp(4455): warning C4244: 'argument': conversion from 'double' to 'float', possible loss of data
StickKnightsOnline-Client\main.cpp(4489): warning C4267: '=': conversion from 'size_t' to 'char', possible loss of data
StickKnightsOnline-Client\main.cpp(4690): warning C4267: '=': conversion from 'size_t' to 'char', possible loss of data
StickKnightsOnline-Client\main.cpp(5223): warning C4267: '=': conversion from 'size_t' to 'char', possible loss of data
StickKnightsOnline-Client\main.cpp(5260): warning C4267: '=': conversion from 'size_t' to 'char', possible loss of data
StickKnightsOnline-Client\main.cpp(5304): warning C4267: '=': conversion from 'size_t' to 'char', possible loss of data
StickKnightsOnline-Client\main.cpp(5426): warning C4267: '=': conversion from 'size_t' to 'char', possible loss of data
StickKnightsOnline-Client\main.cpp(5444): warning C4305: '=': truncation from 'double' to 'float'
StickKnightsOnline-Client\main.cpp(5446): warning C4305: '=': truncation from 'double' to 'float'
StickKnightsOnline-Client\main.cpp(5449): warning C4305: '=': truncation from 'double' to 'float'
StickKnightsOnline-Client\main.cpp(5451): warning C4305: '=': truncation from 'double' to 'float'
StickKnightsOnline-Client\main.cpp(5455): warning C4305: '=': truncation from 'double' to 'float'
StickKnightsOnline-Client\main.cpp(5456): warning C4305: '=': truncation from 'double' to 'float'
StickKnightsOnline-Client\main.cpp(5459): warning C4305: '=': truncation from 'double' to 'float'
StickKnightsOnline-Client\main.cpp(5460): warning C4305: '=': truncation from 'double' to 'float'
StickKnightsOnline-Client\main.cpp(5502): warning C4267: '=': conversion from 'size_t' to 'char', possible loss of data
StickKnightsOnline-Client\main.cpp(6050): warning C4800: 'char': forcing value to bool 'true' or 'false' (performance warning)
StickKnightsOnline-Client\main.cpp(6527): warning C4244: '=': conversion from 'int' to 'float', possible loss of data
StickKnightsOnline-Client\main.cpp(6582): warning C4244: '=': conversion from 'int' to 'float', possible loss of data
StickKnightsOnline-Client\main.cpp(6637): warning C4244: '=': conversion from 'int' to 'float', possible loss of data
StickKnightsOnline-Client\main.cpp(7153): warning C4996: 'sprintf': This function or variable may be unsafe. Consider using sprintf_s instead. To disable deprecation, use _CRT_SECURE_NO_WARNINGS. See online help for details.
  C:\Program Files (x86)\Windows Kits\10\Include\10.0.10240.0\ucrt\stdio.h(1769): note: see declaration of 'sprintf'
StickKnightsOnline-Client\main.cpp(7205): warning C4244: 'argument': conversion from 'std::streamoff' to 'std::size_t', possible loss of data
StickKnightsOnline-Client\main.cpp(7214): warning C4800: 'int': forcing value to bool 'true' or 'false' (performance warning)
StickKnightsOnline-Client\main.cpp(7215): warning C4800: 'int': forcing value to bool 'true' or 'false' (performance warning)
StickKnightsOnline-Client\main.cpp(7216): warning C4800: 'int': forcing value to bool 'true' or 'false' (performance warning)
StickKnightsOnline-Client\main.cpp(7217): warning C4800: 'int': forcing value to bool 'true' or 'false' (performance warning)
StickKnightsOnline-Client\main.cpp(7883): warning C4267: '=': conversion from 'size_t' to 'char', possible loss of data
StickKnightsOnline-Client\main.cpp(8024): warning C4244: '=': conversion from 'int' to 'float', possible loss of data
StickKnightsOnline-Client\main.cpp(8170): warning C4244: '=': conversion from 'int' to 'float', possible loss of data
StickKnightsOnline-Client\main.cpp(8368): warning C4244: '=': conversion from 'int' to 'float', possible loss of data
StickKnightsOnline-Client\main.cpp(8464): warning C4267: '=': conversion from 'size_t' to 'char', possible loss of data
StickKnightsOnline-Client\main.cpp(8498): warning C4267: '=': conversion from 'size_t' to 'char', possible loss of data
StickKnightsOnline-Client\main.cpp(8574): warning C4244: '=': conversion from 'int' to 'float', possible loss of data
StickKnightsOnline-Client\main.cpp(8575): warning C4244: '=': conversion from 'int' to 'float', possible loss of data
StickKnightsOnline-Client\main.cpp(8622): warning C4305: '=': truncation from 'double' to 'float'
StickKnightsOnline-Client\main.cpp(8623): warning C4305: '=': truncation from 'double' to 'float'
StickKnightsOnline-Client\main.cpp(8624): warning C4305: '=': truncation from 'double' to 'float'
StickKnightsOnline-Client\main.cpp(8809): warning C4267: '=': conversion from 'size_t' to 'char', possible loss of data
  LINK : C:\Users\Admin\Documents\SKO\\StickKnightsOnline-Client\StickKnightsOnline.exe not found or not built by the last incremental link; performing full link
  StickKnightsOnline.vcxproj -> C:\Users\Admin\Documents\SKO\\StickKnightsOnline-Client\StickKnightsOnline.exe
  StickKnightsOnline.vcxproj -> C:\Users\Admin\Documents\SKO\\StickKnightsOnline-Client\StickKnightsOnline.pdb (Full PDB)
