c:\users\admin\documents\sko\debug\vc140.pdb
c:\users\admin\documents\sko\debug\vc140.idb
c:\users\admin\documents\sko\debug\ini.obj
c:\users\admin\documents\sko\debug\inireader.obj
c:\users\admin\documents\sko\debug\inputbox.obj
c:\users\admin\documents\sko\debug\ke_socket.obj
c:\users\admin\documents\sko\debug\ke_timestep.obj
c:\users\admin\documents\sko\debug\main.obj
c:\users\admin\documents\sko\debug\md5.obj
c:\users\admin\documents\sko\debug\opi_image.obj
c:\users\admin\documents\sko\debug\opi_text.obj
c:\users\admin\documents\sko\debug\sko_enemy.obj
c:\users\admin\documents\sko\debug\sko_item.obj
c:\users\admin\documents\sko\debug\sko_itemobject.obj
c:\users\admin\documents\sko\debug\sko_map.obj
c:\users\admin\documents\sko\debug\sko_npc.obj
c:\users\admin\documents\sko\debug\sko_player.obj
c:\users\admin\documents\sko\debug\sko_shop.obj
c:\users\admin\documents\sko\debug\sko_sign.obj
c:\users\admin\documents\sko\debug\sko_sprite.obj
c:\users\admin\documents\sko\debug\sko_stall.obj
c:\users\admin\documents\sko\debug\sko_target.obj
c:\users\admin\documents\sko\stickknightsonline-client\stickknightsonline.ilk
c:\users\admin\documents\sko\stickknightsonline-client\stickknightsonline.exe
c:\users\admin\documents\sko\stickknightsonline-client\stickknightsonline.pdb
c:\users\admin\documents\sko\\stickknightsonline-client\stickknightsonline.pdb
c:\users\admin\documents\sko\\stickknightsonline-client\stickknightsonline.exe
c:\users\admin\documents\sko\\stickknightsonline-client\stickknightsonline.ilk
c:\users\admin\documents\sko\debug\stickkni.95c6562e.tlog\cl.command.1.tlog
c:\users\admin\documents\sko\debug\stickkni.95c6562e.tlog\cl.read.1.tlog
c:\users\admin\documents\sko\debug\stickkni.95c6562e.tlog\cl.write.1.tlog
c:\users\admin\documents\sko\debug\stickkni.95c6562e.tlog\link.command.1.tlog
c:\users\admin\documents\sko\debug\stickkni.95c6562e.tlog\link.read.1.tlog
c:\users\admin\documents\sko\debug\stickkni.95c6562e.tlog\link.write.1.tlog
